[    0.000000] Linux version 4.15.0-55-generic (buildd@lcy01-amd64-029) (gcc version 7.4.0 (Ubuntu 7.4.0-1ubuntu1~18.04.1)) #60-Ubuntu SMP Tue Jul 2 18:22:20 UTC 2019 (Ubuntu 4.15.0-55.60-generic 4.15.18)
[    0.000000] Command line: BOOT_IMAGE=/boot/vmlinuz-4.15.0-55-generic root=LABEL=cloudimg-rootfs ro console=tty1 console=ttyS0
[    0.000000] KERNEL supported cpus:
[    0.000000]   Intel GenuineIntel
[    0.000000]   AMD AuthenticAMD
[    0.000000]   Centaur CentaurHauls
[    0.000000] x86/fpu: Supporting XSAVE feature 0x001: 'x87 floating point registers'
[    0.000000] x86/fpu: Supporting XSAVE feature 0x002: 'SSE registers'
[    0.000000] x86/fpu: Supporting XSAVE feature 0x004: 'AVX registers'
[    0.000000] x86/fpu: xstate_offset[2]:  576, xstate_sizes[2]:  256
[    0.000000] x86/fpu: Enabled xstate features 0x7, context size is 832 bytes, using 'standard' format.
[    0.000000] e820: BIOS-provided physical RAM map:
[    0.000000] BIOS-e820: [mem 0x0000000000000000-0x000000000009fbff] usable
[    0.000000] BIOS-e820: [mem 0x000000000009fc00-0x000000000009ffff] reserved
[    0.000000] BIOS-e820: [mem 0x00000000000f0000-0x00000000000fffff] reserved
[    0.000000] BIOS-e820: [mem 0x0000000000100000-0x000000003ffeffff] usable
[    0.000000] BIOS-e820: [mem 0x000000003fff0000-0x000000003fffffff] ACPI data
[    0.000000] BIOS-e820: [mem 0x00000000fec00000-0x00000000fec00fff] reserved
[    0.000000] BIOS-e820: [mem 0x00000000fee00000-0x00000000fee00fff] reserved
[    0.000000] BIOS-e820: [mem 0x00000000fffc0000-0x00000000ffffffff] reserved
[    0.000000] NX (Execute Disable) protection: active
[    0.000000] SMBIOS 2.5 present.
[    0.000000] DMI: innotek GmbH VirtualBox/VirtualBox, BIOS VirtualBox 12/01/2006
[    0.000000] Hypervisor detected: KVM
[    0.000000] e820: last_pfn = 0x3fff0 max_arch_pfn = 0x400000000
[    0.000000] MTRR: Disabled
[    0.000000] x86/PAT: MTRRs disabled, skipping PAT initialization too.
[    0.000000] CPU MTRRs all blank - virtualized system.
[    0.000000] x86/PAT: Configuration [0-7]: WB  WT  UC- UC  WB  WT  UC- UC  
[    0.000000] found SMP MP-table at [mem 0x0009fff0-0x0009ffff] mapped at [        (ptrval)]
[    0.000000] Scanning 1 areas for low memory corruption
[    0.000000] RAMDISK: [mem 0x35981000-0x36cb7fff]
[    0.000000] ACPI: Early table checksum verification disabled
[    0.000000] ACPI: RSDP 0x00000000000E0000 000024 (v02 VBOX  )
[    0.000000] ACPI: XSDT 0x000000003FFF0030 00003C (v01 VBOX   VBOXXSDT 00000001 ASL  00000061)
[    0.000000] ACPI: FACP 0x000000003FFF00F0 0000F4 (v04 VBOX   VBOXFACP 00000001 ASL  00000061)
[    0.000000] ACPI: DSDT 0x000000003FFF0470 0022EA (v02 VBOX   VBOXBIOS 00000002 INTL 20100528)
[    0.000000] ACPI: FACS 0x000000003FFF0200 000040
[    0.000000] ACPI: FACS 0x000000003FFF0200 000040
[    0.000000] ACPI: APIC 0x000000003FFF0240 00005C (v02 VBOX   VBOXAPIC 00000001 ASL  00000061)
[    0.000000] ACPI: SSDT 0x000000003FFF02A0 0001CC (v01 VBOX   VBOXCPUT 00000002 INTL 20100528)
[    0.000000] No NUMA configuration found
[    0.000000] Faking a node at [mem 0x0000000000000000-0x000000003ffeffff]
[    0.000000] NODE_DATA(0) allocated [mem 0x3ffc5000-0x3ffeffff]
[    0.000000] kvm-clock: cpu 0, msr 0:3ff44001, primary cpu clock
[    0.000000] kvm-clock: Using msrs 4b564d01 and 4b564d00
[    0.000000] kvm-clock: using sched offset of 3947925643 cycles
[    0.000000] clocksource: kvm-clock: mask: 0xffffffffffffffff max_cycles: 0x1cd42e4dffb, max_idle_ns: 881590591483 ns
[    0.000000] Zone ranges:
[    0.000000]   DMA      [mem 0x0000000000001000-0x0000000000ffffff]
[    0.000000]   DMA32    [mem 0x0000000001000000-0x000000003ffeffff]
[    0.000000]   Normal   empty
[    0.000000]   Device   empty
[    0.000000] Movable zone start for each node
[    0.000000] Early memory node ranges
[    0.000000]   node   0: [mem 0x0000000000001000-0x000000000009efff]
[    0.000000]   node   0: [mem 0x0000000000100000-0x000000003ffeffff]
[    0.000000] Reserved but unavailable: 114 pages
[    0.000000] Initmem setup node 0 [mem 0x0000000000001000-0x000000003ffeffff]
[    0.000000] ACPI: PM-Timer IO Port: 0x4008
[    0.000000] IOAPIC[0]: apic_id 2, version 32, address 0xfec00000, GSI 0-23
[    0.000000] ACPI: INT_SRC_OVR (bus 0 bus_irq 0 global_irq 2 dfl dfl)
[    0.000000] ACPI: INT_SRC_OVR (bus 0 bus_irq 9 global_irq 9 low level)
[    0.000000] Using ACPI (MADT) for SMP configuration information
[    0.000000] smpboot: Allowing 2 CPUs, 0 hotplug CPUs
[    0.000000] PM: Registered nosave memory: [mem 0x00000000-0x00000fff]
[    0.000000] PM: Registered nosave memory: [mem 0x0009f000-0x0009ffff]
[    0.000000] PM: Registered nosave memory: [mem 0x000a0000-0x000effff]
[    0.000000] PM: Registered nosave memory: [mem 0x000f0000-0x000fffff]
[    0.000000] e820: [mem 0x40000000-0xfebfffff] available for PCI devices
[    0.000000] Booting paravirtualized kernel on KVM
[    0.000000] clocksource: refined-jiffies: mask: 0xffffffff max_cycles: 0xffffffff, max_idle_ns: 7645519600211568 ns
[    0.000000] random: get_random_bytes called from start_kernel+0x99/0x4fd with crng_init=0
[    0.000000] setup_percpu: NR_CPUS:8192 nr_cpumask_bits:2 nr_cpu_ids:2 nr_node_ids:1
[    0.000000] percpu: Embedded 46 pages/cpu @        (ptrval) s151552 r8192 d28672 u1048576
[    0.000000] PV qspinlock hash table entries: 256 (order: 0, 4096 bytes)
[    0.000000] Built 1 zonelists, mobility grouping on.  Total pages: 257913
[    0.000000] Policy zone: DMA32
[    0.000000] Kernel command line: BOOT_IMAGE=/boot/vmlinuz-4.15.0-55-generic root=LABEL=cloudimg-rootfs ro console=tty1 console=ttyS0
[    0.000000] Memory: 982908K/1048120K available (12300K kernel code, 2473K rwdata, 4276K rodata, 2408K init, 2416K bss, 65212K reserved, 0K cma-reserved)
[    0.000000] SLUB: HWalign=64, Order=0-3, MinObjects=0, CPUs=2, Nodes=1
[    0.000000] Kernel/User page tables isolation: enabled
[    0.000000] ftrace: allocating 39219 entries in 154 pages
[    0.004000] Hierarchical RCU implementation.
[    0.004000] 	RCU restricting CPUs from NR_CPUS=8192 to nr_cpu_ids=2.
[    0.004000] 	Tasks RCU enabled.
[    0.004000] RCU: Adjusting geometry for rcu_fanout_leaf=16, nr_cpu_ids=2
[    0.004000] NR_IRQS: 524544, nr_irqs: 440, preallocated irqs: 16
[    0.004000] Console: colour VGA+ 80x25
[    0.004000] console [tty1] enabled
[    0.004000] console [ttyS0] enabled
[    0.004000] ACPI: Core revision 20170831
[    0.004000] ACPI: 2 ACPI AML tables successfully acquired and loaded
[    0.004000] APIC: Switch to symmetric I/O mode setup
[    0.004000] x2apic enabled
[    0.004000] Switched APIC routing to physical x2apic.
[    0.004000] ..TIMER: vector=0x30 apic1=0 pin1=2 apic2=-1 pin2=-1
[    0.004004] tsc: Detected 2303.998 MHz processor
[    0.004921] Calibrating delay loop (skipped) preset value.. 4607.99 BogoMIPS (lpj=9215992)
[    0.005619] pid_max: default: 32768 minimum: 301
[    0.008028] Security Framework initialized
[    0.008848] Yama: becoming mindful.
[    0.009576] AppArmor: AppArmor initialized
[    0.012056] Dentry cache hash table entries: 131072 (order: 8, 1048576 bytes)
[    0.014096] Inode-cache hash table entries: 65536 (order: 7, 524288 bytes)
[    0.015459] Mount-cache hash table entries: 2048 (order: 2, 16384 bytes)
[    0.016005] Mountpoint-cache hash table entries: 2048 (order: 2, 16384 bytes)
[    0.017613] mce: CPU supports 0 MCE banks
[    0.018456] Last level iTLB entries: 4KB 64, 2MB 8, 4MB 8
[    0.020001] Last level dTLB entries: 4KB 64, 2MB 0, 4MB 0, 1GB 4
[    0.021192] Spectre V2 : Mitigation: Full generic retpoline
[    0.022287] Spectre V2 : Spectre v2 / SpectreRSB mitigation: Filling RSB on context switch
[    0.024001] Speculative Store Bypass: Vulnerable
[    0.024973] MDS: Vulnerable: Clear CPU buffers attempted, no microcode
[    0.026341] Freeing SMP alternatives memory: 36K
[    0.032000] smpboot: CPU0: Intel(R) Core(TM) i5-7360U CPU @ 2.30GHz (family: 0x6, model: 0x8e, stepping: 0x9)
[    0.032000] Performance Events: unsupported p6 CPU model 142 no PMU driver, software events only.
[    0.032031] Hierarchical SRCU implementation.
[    0.033453] NMI watchdog: Perf event create on CPU 0 failed with -2
[    0.035200] NMI watchdog: Perf NMI watchdog permanently disabled
[    0.036042] smp: Bringing up secondary CPUs ...
[    0.037018] x86: Booting SMP configuration:
[    0.037872] .... node  #0, CPUs:      #1
[    0.004000] kvm-clock: cpu 1, msr 0:3ff44041, secondary cpu clock
[    0.004000] mce: CPU supports 0 MCE banks
[    0.043609] smp: Brought up 1 node, 2 CPUs
[    0.044003] smpboot: Max logical packages: 1
[    0.044871] smpboot: Total of 2 processors activated (9215.99 BogoMIPS)
[    0.046265] devtmpfs: initialized
[    0.048045] x86/mm: Memory block size: 128MB
[    0.049374] evm: security.selinux
[    0.050062] evm: security.SMACK64
[    0.050747] evm: security.SMACK64EXEC
[    0.051530] evm: security.SMACK64TRANSMUTE
[    0.052002] evm: security.SMACK64MMAP
[    0.052749] evm: security.apparmor
[    0.053813] evm: security.ima
[    0.054626] evm: security.capability
[    0.056072] clocksource: jiffies: mask: 0xffffffff max_cycles: 0xffffffff, max_idle_ns: 7645041785100000 ns
[    0.058181] futex hash table entries: 512 (order: 3, 32768 bytes)
[    0.059426] pinctrl core: initialized pinctrl subsystem
[    0.061369] RTC time:  7:31:42, date: 08/16/19
[    0.062704] NET: Registered protocol family 16
[    0.064064] audit: initializing netlink subsys (disabled)
[    0.065232] audit: type=2000 audit(1565940707.115:1): state=initialized audit_enabled=0 res=1
[    0.065809] cpuidle: using governor ladder
[    0.068009] cpuidle: using governor menu
[    0.068953] ACPI: bus type PCI registered
[    0.069770] acpiphp: ACPI Hot Plug PCI Controller Driver version: 0.5
[    0.071143] PCI: Using configuration type 1 for base access
[    0.072798] HugeTLB registered 2.00 MiB page size, pre-allocated 0 pages
[    0.073349] ACPI: Added _OSI(Module Device)
[    0.076006] ACPI: Added _OSI(Processor Device)
[    0.076899] ACPI: Added _OSI(3.0 _SCP Extensions)
[    0.077837] ACPI: Added _OSI(Processor Aggregator Device)
[    0.078901] ACPI: Added _OSI(Linux-Dell-Video)
[    0.080002] ACPI: Added _OSI(Linux-Lenovo-NV-HDMI-Audio)
[    0.081051] ACPI: Added _OSI(Linux-HPI-Hybrid-Graphics)
[    0.082476] ACPI: Executed 1 blocks of module-level executable AML code
[    0.086825] ACPI: Interpreter enabled
[    0.088012] ACPI: (supports S0 S5)
[    0.088725] ACPI: Using IOAPIC for interrupt routing
[    0.089897] PCI: Using host bridge windows from ACPI; if necessary, use "pci=nocrs" and report a bug
[    0.092194] ACPI: Enabled 2 GPEs in block 00 to 07
[    0.099752] ACPI: PCI Root Bridge [PCI0] (domain 0000 [bus 00-ff])
[    0.100007] acpi PNP0A03:00: _OSC: OS supports [ASPM ClockPM Segments MSI]
[    0.101719] acpi PNP0A03:00: _OSC: not requesting OS control; OS requires [ExtendedConfig ASPM ClockPM MSI]
[    0.104013] acpi PNP0A03:00: fail to add MMCONFIG information, can't access extended PCI configuration space under this bridge.
[    0.108376] PCI host bridge to bus 0000:00
[    0.109217] pci_bus 0000:00: root bus resource [io  0x0000-0x0cf7 window]
[    0.110538] pci_bus 0000:00: root bus resource [io  0x0d00-0xffff window]
[    0.112003] pci_bus 0000:00: root bus resource [mem 0x000a0000-0x000bffff window]
[    0.113488] pci_bus 0000:00: root bus resource [mem 0x40000000-0xfdffffff window]
[    0.114993] pci_bus 0000:00: root bus resource [bus 00-ff]
[    0.118782] pci 0000:00:01.1: legacy IDE quirk: reg 0x10: [io  0x01f0-0x01f7]
[    0.120002] pci 0000:00:01.1: legacy IDE quirk: reg 0x14: [io  0x03f6]
[    0.121288] pci 0000:00:01.1: legacy IDE quirk: reg 0x18: [io  0x0170-0x0177]
[    0.123212] pci 0000:00:01.1: legacy IDE quirk: reg 0x1c: [io  0x0376]
[    0.139740] pci 0000:00:07.0: quirk: [io  0x4000-0x403f] claimed by PIIX4 ACPI
[    0.140022] pci 0000:00:07.0: quirk: [io  0x4100-0x410f] claimed by PIIX4 SMB
[    0.152617] ACPI: PCI Interrupt Link [LNKA] (IRQs 5 9 10 *11)
[    0.154526] ACPI: PCI Interrupt Link [LNKB] (IRQs 5 9 *10 11)
[    0.156096] ACPI: PCI Interrupt Link [LNKC] (IRQs 5 *9 10 11)
[    0.157729] ACPI: PCI Interrupt Link [LNKD] (IRQs 5 9 10 *11)
[    0.159224] SCSI subsystem initialized
[    0.160044] pci 0000:00:02.0: vgaarb: setting as boot VGA device
[    0.161635] pci 0000:00:02.0: vgaarb: VGA device added: decodes=io+mem,owns=io+mem,locks=none
[    0.164014] pci 0000:00:02.0: vgaarb: bridge control possible
[    0.165157] vgaarb: loaded
[    0.165768] ACPI: bus type USB registered
[    0.166608] usbcore: registered new interface driver usbfs
[    0.167830] usbcore: registered new interface driver hub
[    0.168017] usbcore: registered new device driver usb
[    0.169110] EDAC MC: Ver: 3.0.0
[    0.169110] PCI: Using ACPI for IRQ routing
[    0.172355] NetLabel: Initializing
[    0.173109] NetLabel:  domain hash size = 128
[    0.173997] NetLabel:  protocols = UNLABELED CIPSOv4 CALIPSO
[    0.176016] NetLabel:  unlabeled traffic allowed by default
[    0.177150] clocksource: Switched to clocksource kvm-clock
[    0.188703] VFS: Disk quotas dquot_6.6.0
[    0.189918] VFS: Dquot-cache hash table entries: 512 (order 0, 4096 bytes)
[    0.191340] AppArmor: AppArmor Filesystem Enabled
[    0.192368] pnp: PnP ACPI init
[    0.194637] pnp: PnP ACPI: found 3 devices
[    0.203620] clocksource: acpi_pm: mask: 0xffffff max_cycles: 0xffffff, max_idle_ns: 2085701024 ns
[    0.205918] NET: Registered protocol family 2
[    0.208397] TCP established hash table entries: 8192 (order: 4, 65536 bytes)
[    0.209833] TCP bind hash table entries: 8192 (order: 5, 131072 bytes)
[    0.211279] TCP: Hash tables configured (established 8192 bind 8192)
[    0.212803] UDP hash table entries: 512 (order: 2, 16384 bytes)
[    0.213981] UDP-Lite hash table entries: 512 (order: 2, 16384 bytes)
[    0.215267] NET: Registered protocol family 1
[    0.216166] pci 0000:00:00.0: Limiting direct PCI/PCI transfers
[    0.217392] pci 0000:00:01.0: Activating ISA DMA hang workarounds
[    0.218651] pci 0000:00:02.0: Video device with shadowed ROM at [mem 0x000c0000-0x000dffff]
[    0.220481] Unpacking initramfs...
[    0.505436] Freeing initrd memory: 19676K
[    0.506856] clocksource: tsc: mask: 0xffffffffffffffff max_cycles: 0x2135f5e6f15, max_idle_ns: 440795231538 ns
[    0.508946] platform rtc_cmos: registered platform RTC device (no PNP device found)
[    0.510478] Scanning for low memory corruption every 60 seconds
[    0.512263] Initialise system trusted keyrings
[    0.513181] Key type blacklist registered
[    0.514083] workingset: timestamp_bits=36 max_order=18 bucket_order=0
[    0.516120] zbud: loaded
[    0.517110] squashfs: version 4.0 (2009/01/31) Phillip Lougher
[    0.518409] fuse init (API version 7.26)
[    0.521272] Key type asymmetric registered
[    0.522117] Asymmetric key parser 'x509' registered
[    0.523145] Block layer SCSI generic (bsg) driver version 0.4 loaded (major 246)
[    0.524852] io scheduler noop registered
[    0.526143] io scheduler deadline registered
[    0.527030] io scheduler cfq registered (default)
[    0.528503] ACPI: AC Adapter [AC] (off-line)
[    0.529827] input: Power Button as /devices/LNXSYSTM:00/LNXPWRBN:00/input/input0
[    0.531400] ACPI: Power Button [PWRF]
[    0.532299] input: Sleep Button as /devices/LNXSYSTM:00/LNXSLPBN:00/input/input1
[    0.533823] ACPI: Sleep Button [SLPF]
[    0.535116] Serial: 8250/16550 driver, 32 ports, IRQ sharing enabled
[    0.535956] ACPI: Battery Slot [BAT0] (battery present)
[    0.559684] 00:02: ttyS0 at I/O 0x3f8 (irq = 4, base_baud = 115200) is a 16550A
[    0.564179] Linux agpgart interface v0.103
[    0.566337] loop: module loaded
[    0.567524] scsi host0: ata_piix
[    0.568695] scsi host1: ata_piix
[    0.569551] ata1: PATA max UDMA/33 cmd 0x1f0 ctl 0x3f6 bmdma 0xd000 irq 14
[    0.570887] ata2: PATA max UDMA/33 cmd 0x170 ctl 0x376 bmdma 0xd008 irq 15
[    0.572835] libphy: Fixed MDIO Bus: probed
[    0.574185] tun: Universal TUN/TAP device driver, 1.6
[    0.575364] PPP generic driver version 2.4.2
[    0.576752] ehci_hcd: USB 2.0 'Enhanced' Host Controller (EHCI) Driver
[    0.578034] ehci-pci: EHCI PCI platform driver
[    0.578951] ehci-platform: EHCI generic platform driver
[    0.579993] ohci_hcd: USB 1.1 'Open' Host Controller (OHCI) Driver
[    0.581238] ohci-pci: OHCI PCI platform driver
[    0.582138] ohci-platform: OHCI generic platform driver
[    0.583494] uhci_hcd: USB Universal Host Controller Interface driver
[    0.585352] i8042: PNP: PS/2 Controller [PNP0303:PS2K,PNP0f03:PS2M] at 0x60,0x64 irq 1,12
[    0.587503] serio: i8042 KBD port at 0x60,0x64 irq 1
[    0.588580] serio: i8042 AUX port at 0x60,0x64 irq 12
[    0.589786] mousedev: PS/2 mouse device common for all mice
[    0.591498] input: AT Translated Set 2 keyboard as /devices/platform/i8042/serio0/input/input2
[    0.593437] rtc_cmos rtc_cmos: rtc core: registered rtc_cmos as rtc0
[    0.594728] rtc_cmos rtc_cmos: alarms up to one day, 114 bytes nvram
[    0.595971] i2c /dev entries driver
[    0.596783] device-mapper: uevent: version 1.0.3
[    0.597788] device-mapper: ioctl: 4.37.0-ioctl (2017-09-20) initialised: dm-devel@redhat.com
[    0.599508] ledtrig-cpu: registered to indicate activity on CPUs
[    0.604742] NET: Registered protocol family 10
[    0.610086] Segment Routing with IPv6
[    0.611007] NET: Registered protocol family 17
[    0.612012] Key type dns_resolver registered
[    0.613186] RAS: Correctable Errors collector initialized.
[    0.614288] sched_clock: Marking stable (613150852, 0)->(876987182, -263836330)
[    0.616152] registered taskstats version 1
[    0.617467] Loading compiled-in X.509 certificates
[    0.620446] Loaded X.509 cert 'Build time autogenerated kernel key: 2ed9c0a78927f1fed24db33f01fd983502d97350'
[    0.622422] zswap: loaded using pool lzo/zbud
[    0.626231] Key type big_key registered
[    0.627043] Key type trusted registered
[    0.629369] Key type encrypted registered
[    0.630201] AppArmor: AppArmor sha1 policy hashing enabled
[    0.631290] ima: No TPM chip found, activating TPM-bypass! (rc=-19)
[    0.632583] ima: Allocated hash algorithm: sha1
[    0.633509] evm: HMAC attrs: 0x1
[    0.634510]   Magic number: 15:432:521
[    0.635372] rtc_cmos rtc_cmos: setting system clock to 2019-08-16 07:31:42 UTC (1565940702)
[    0.637148] BIOS EDD facility v0.16 2004-Jun-25, 0 devices found
[    0.638333] EDD information not available.
[    0.734685] Freeing unused kernel image memory: 2408K
[    0.753074] Write protecting the kernel read-only data: 20480k
[    0.755695] Freeing unused kernel image memory: 2008K
[    0.757218] Freeing unused kernel image memory: 1868K
[    0.763396] x86/mm: Checked W+X mappings: passed, no W+X pages found.
[    0.765161] x86/mm: Checking user space page tables
[    0.770550] x86/mm: Checked W+X mappings: passed, no W+X pages found.
Loading, please wait...
starting version 237
[    0.821451] Fusion MPT base driver 3.04.20
[    0.822616] Copyright (c) 1999-2008 LSI Corporation
[    0.828172] Fusion MPT SPI Host driver 3.04.20
[    0.832151] mptbase: ioc0: Initiating bringup
[    0.835986] e1000: Intel(R) PRO/1000 Network Driver - version 7.3.21-k8-NAPI
[    0.837915] e1000: Copyright (c) 1999-2006 Intel Corporation.
[    0.857910] AVX2 version of gcm_enc/dec engaged.
[    0.859157] AES CTR mode by8 optimization enabled
[    0.868947] vboxvideo: loading out-of-tree module taints kernel.
[    0.870405] vboxvideo: module verification failed: signature and/or required key missing - tainting kernel
[    0.928734] ioc0: LSI53C1030 A0: Capabilities={Initiator}
[    1.058066] input: ImExPS/2 Generic Explorer Mouse as /devices/platform/i8042/serio1/input/input4
[    1.844716] scsi host2: ioc0: LSI53C1030 A0, FwRev=00000000h, Ports=1, MaxQ=256, IRQ=20
[    2.448412] scsi 2:0:0:0: Direct-Access     VBOX     HARDDISK         1.0  PQ: 0 ANSI: 5
[    2.539215] scsi target2:0:0: Beginning Domain Validation
[    2.604196] scsi target2:0:0: Domain Validation skipping write tests
[    2.605962] scsi target2:0:0: Ending Domain Validation
[    2.607517] scsi target2:0:0: asynchronous
[    2.609304] scsi 2:0:1:0: Direct-Access     VBOX     HARDDISK         1.0  PQ: 0 ANSI: 5
[    2.852160] scsi target2:0:1: Beginning Domain Validation
[    2.855088] random: fast init done
[    2.860174] scsi target2:0:1: Domain Validation skipping write tests
[    2.862050] scsi target2:0:1: Ending Domain Validation
[    2.863398] scsi target2:0:1: asynchronous
[    2.868232] random: systemd-udevd: uninitialized urandom read (16 bytes read)
[    2.869698] random: systemd-udevd: uninitialized urandom read (16 bytes read)
[    2.871089] random: systemd-udevd: uninitialized urandom read (16 bytes read)
[    2.872668] sd 2:0:0:0: Attached scsi generic sg0 type 0
[    2.872913] sd 2:0:0:0: [sda] 20971520 512-byte logical blocks: (10.7 GB/10.0 GiB)
[    2.872964] sd 2:0:0:0: [sda] Write Protect is off
[    2.873139] sd 2:0:0:0: [sda] Incomplete mode parameter data
[    2.873140] sd 2:0:0:0: [sda] Assuming drive cache: write through
[    2.878234]  sda: sda1
[    2.878938] sd 2:0:0:0: [sda] Attached SCSI disk
[    2.881102] sd 2:0:1:0: Attached scsi generic sg1 type 0
[    2.881312] sd 2:0:1:0: [sdb] 20480 512-byte logical blocks: (10.5 MB/10.0 MiB)
[    2.881386] sd 2:0:1:0: [sdb] Write Protect is off
[    2.881529] sd 2:0:1:0: [sdb] Incomplete mode parameter data
[    2.881530] sd 2:0:1:0: [sdb] Assuming drive cache: write through
[    2.883219] sd 2:0:1:0: [sdb] Attached SCSI disk
[    2.913022] e1000 0000:00:03.0 eth0: (PCI:33MHz:32-bit) 02:f6:70:42:12:5d
[    2.914720] e1000 0000:00:03.0 eth0: Intel(R) PRO/1000 Network Connection
[    2.917388] [drm] VRAM 01000000
[    2.918297] [TTM] Zone  kernel: Available graphics memory: 504452 kiB
[    2.919641] [TTM] Initializing pool allocator
[    2.920630] [TTM] Initializing DMA pool allocator
[    2.923109] fbcon: vboxdrmfb (fb0) is primary device
[    2.924485] Console: switching to colour frame buffer device 100x37
[    2.927323] vboxvideo 0000:00:02.0: fb0: vboxdrmfb frame buffer device
[    2.954921] [drm] Initialized vboxvideo 1.0.0 20130823 for 0000:00:02.0 on minor 0
[    4.006237] e1000 0000:00:08.0 eth1: (PCI:33MHz:32-bit) 08:00:27:c2:cf:07
[    4.007872] e1000 0000:00:08.0 eth1: Intel(R) PRO/1000 Network Connection
[    4.010137] e1000 0000:00:08.0 enp0s8: renamed from eth1
[    4.024746] e1000 0000:00:03.0 enp0s3: renamed from eth0
Begin: Loading essential drivers ... [    4.180163] raid6: sse2x1   gen() 12159 MB/s
[    4.228105] raid6: sse2x1   xor()  9057 MB/s
[    4.276593] raid6: sse2x2   gen() 15317 MB/s
[    4.324456] raid6: sse2x2   xor() 10195 MB/s
[    4.372100] raid6: sse2x4   gen() 17633 MB/s
[    4.420247] raid6: sse2x4   xor() 11240 MB/s
[    4.468151] raid6: avx2x1   gen() 24485 MB/s
[    4.516368] raid6: avx2x1   xor() 17409 MB/s
[    4.564014] raid6: avx2x2   gen() 30040 MB/s
[    4.612303] raid6: avx2x2   xor() 18693 MB/s
[    4.660260] raid6: avx2x4   gen() 34819 MB/s
[    4.708029] raid6: avx2x4   xor() 20962 MB/s
[    4.709133] raid6: using algorithm avx2x4 gen() 34819 MB/s
[    4.710659] raid6: .... xor() 20962 MB/s, rmw enabled
[    4.712124] raid6: using avx2x2 recovery algorithm
[    4.714659] xor: automatically using best checksumming function   avx       
[    4.717847] async_tx: api initialized (async)
done.
Begin: Running /scripts/init-premount ... done.
Begin: Mounting root file system ... Begin: Running /scripts/local-top ... done.
Begin: Running /scripts/local-premount ... [    4.787398] Btrfs loaded, crc32c=crc32c-intel
Scanning for Btrfs filesystems
done.
Warning: fsck not present, so skipping root file system
[    4.821211] EXT4-fs (sda1): mounted filesystem with ordered data mode. Opts: (null)
done.
Begin: Running /scripts/local-bottom ... done.
Begin: Running /scripts/init-bottom ... done.
[    5.019135] ip_tables: (C) 2000-2006 Netfilter Core Team
[    5.030816] systemd[1]: systemd 237 running in system mode. (+PAM +AUDIT +SELINUX +IMA +APPARMOR +SMACK +SYSVINIT +UTMP +LIBCRYPTSETUP +GCRYPT +GNUTLS +ACL +XZ +LZ4 +SECCOMP +BLKID +ELFUTILS +KMOD -IDN2 +IDN -PCRE2 default-hierarchy=hybrid)
[    5.035498] systemd[1]: Detected virtualization oracle.
[    5.036865] systemd[1]: Detected architecture x86-64.

Welcome to [1mUbuntu 18.04.3 LTS[0m!

[    5.042139] systemd[1]: Set hostname to <ubuntu-bionic>.
[    5.324108] systemd[1]: Set up automount Arbitrary Executable File Formats File System Automount Point.
[[0;32m  OK  [0m] Set up automount Arbitrary Executab…rmats File System Automount Point.
[    5.328935] systemd[1]: Created slice User and Session Slice.
[[0;32m  OK  [0m] Created slice User and Session Slice.
[    5.331310] systemd[1]: Reached target User and Group Name Lookups.
[[0;32m  OK  [0m] Reached target User and Group Name Lookups.
[    5.333630] systemd[1]: Started Forward Password Requests to Wall Directory Watch.
[[0;32m  OK  [0m] Started Forward Password Requests to Wall Directory Watch.
[    5.336138] systemd[1]: Reached target System Time Synchronized.
[[0;32m  OK  [0m] Reached target System Time Synchronized.
[    5.338535] systemd[1]: Reached target Swap.
[[0;32m  OK  [0m] Reached target Swap.
[[0;32m  OK  [0m] Created slice System Slice.
[[0;32m  OK  [0m] Listening on Journal Socket (/dev/log).
[[0;32m  OK  [0m] Listening on Network Service Netlink Socket.
[[0;32m  OK  [0m] Listening on Journal Socket.
         Mounting POSIX Message Queue File System...
         Mounting Kernel Debug File System...
[[0;32m  OK  [0m] Listening on udev Kernel Socket.
         Starting Set the console keyboard layout...
         Mounting Huge Pages File System...
[[0;32m  OK  [0m] Listening on LVM2 metadata daemon socket.
[[0;32m  OK  [0m] Created slice system-serial\x2dgetty.slice.
[[0;32m  OK  [0m] Listening on Syslog Socket.
         Starting Remount Root and Kernel File Systems...
[[0;32m  OK  [0m] Listening on udev Control Socket.
         Starting udev Coldplug all Devices...
[[0;32m  OK  [0m] Reached target Slices.
         Starting Load Kernel Modules...
[[0;32m  OK  [0m] Listening on Device-mapper event daemon FIFOs.
         Starting Uncomplicated firewall...
         Starting Create list of required st…ce nodes for the current kernel...
[[0;32m  OK  [0m] Listening on LVM2 poll daemon socket.
         Starting Monitoring of LVM2 mirrors…ng dmeventd or progress polling...
[[0;32m  OK  [0m] Listening on /dev/initctl Compatibility Named Pipe.
[[0;32m  OK  [0m] Listening on Journal Audit Socket.
         Starting Journal Service...
[[0;32m  OK  [0m] Mounted POSIX Message Queue File System.
[[0;32m  OK  [0m] Mounted Kernel Debug File System.
[    5.413579] EXT4-fs (sda1): re-mounted. Opts: (null)
[[0;32m  OK  [0m] Mounted Huge Pages File System.
[[0;32m  OK  [0m] Started Remount Root and Kernel File Systems.
[[0;32m  OK  [0m] Started Uncomplicated firewall.
[    5.458672] Loading iSCSI transport class v2.0-870.
[    5.465617] iscsi: registered transport (tcp)
[    5.485379] iscsi: registered transport (iser)
         Starting Load/Save Random Seed...
[[0;32m  OK  [0m] Started Set the console keyboard layout.
[[0;32m  OK  [0m] Started Load Kernel Modules.
[[0;32m  OK  [0m] Started LVM2 metadata daemon.
         Mounting FUSE Control File System...
         Mounting Kernel Configuration File System...
         Starting Apply Kernel Variables...
[[0;32m  OK  [0m] Started Create list of required sta…vice nodes for the current kernel.
[[0;32m  OK  [0m] Mounted FUSE Control File System.
[[0;32m  OK  [0m] Mounted Kernel Configuration File System.
         Starting Create Static Device Nodes in /dev...
[[0;32m  OK  [0m] Started Load/Save Random Seed.
[[0;32m  OK  [0m] Started Journal Service.
         Starting Flush Journal to Persistent Storage...
[[0;32m  OK  [0m] Started udev Coldplug all Devices.
[[0;32m  OK  [0m] Started Create Static Device Nodes in /dev.
         Starting udev Kernel Device Manager...
[[0;32m  OK  [0m] Started Monitoring of LVM2 mirrors,…sing dmeventd or progress polling.
[[0;32m  OK  [0m] Reached target Local File Systems (Pre).
[[0;32m  OK  [0m] Reached target Local File Systems.
         Starting AppArmor initialization...
         Starting Tell Plymouth To Write Out Runtime Data...
         Starting ebtables ruleset management...
         Starting Set console font and keymap...
[[0;32m  OK  [0m] Started Apply Kernel Variables.
[[0;32m  OK  [0m] Started Tell Plymouth To Write Out Runtime Data.
[[0;32m  OK  [0m] Started Set console font and keymap.
[[0;32m  OK  [0m] Started udev Kernel Device Manager.
[[0;32m  OK  [0m] Started Dispatch Password Requests to Console Directory Watch.
[[0;32m  OK  [0m] Reached target Local Encrypted Volumes.
[[0;32m  OK  [0m] Started ebtables ruleset management.
[[0;32m  OK  [0m] Started Flush Journal to Persistent Storage.
         Starting Create Volatile Files and Directories...
[[0;32m  OK  [0m] Started Create Volatile Files and Directories.
         Starting Update UTMP about System Boot/Shutdown...
[[0;32m  OK  [0m] Started Update UTMP about System Boot/Shutdown.
[[0;32m  OK  [0m] Found device /dev/ttyS0.
[[0;32m  OK  [0m] Started AppArmor initialization.
         Starting Initial cloud-init job (pre-networking)...
[[0;32m  OK  [0m] Listening on Load/Save RF Kill Switch Status /dev/rfkill Watch.
[    7.320259] cloud-init[527]: Cloud-init v. 19.1-1-gbaa47854-0ubuntu1~18.04.1 running 'init-local' at Fri, 16 Aug 2019 07:31:48 +0000. Up 7.13 seconds.
[[0;32m  OK  [0m] Started Initial cloud-init job (pre-networking).
[[0;32m  OK  [0m] Reached target Network (Pre).
         Starting Network Service...
[[0;32m  OK  [0m] Started Network Service.
         Starting Network Name Resolution...
         Starting Wait for Network to be Configured...
[[0;32m  OK  [0m] Started Network Name Resolution.
[[0;32m  OK  [0m] Reached target Host and Network Name Lookups.
[[0;32m  OK  [0m] Reached target Network.
[[0;32m  OK  [0m] Started Wait for Network to be Configured.
         Starting Initial cloud-init job (metadata service crawler)...
[    9.645317] cloud-init[703]: Cloud-init v. 19.1-1-gbaa47854-0ubuntu1~18.04.1 running 'init' at Fri, 16 Aug 2019 07:31:51 +0000. Up 9.52 seconds.
[    9.647342] cloud-init[703]: ci-info: ++++++++++++++++++++++++++++++++++++++Net device info+++++++++++++++++++++++++++++++++++++++
[    9.649414] cloud-init[703]: ci-info: +--------+------+-----------------------------+---------------+--------+-------------------+
[    9.651274] cloud-init[703]: ci-info: | Device |  Up  |           Address           |      Mask     | Scope  |     Hw-Address    |
[    9.653187] cloud-init[703]: ci-info: +--------+------+-----------------------------+---------------+--------+-------------------+
[    9.655449] cloud-init[703]: ci-info: | enp0s3 | True |          10.0.2.15          | 255.255.255.0 | global | 02:f6:70:42:12:5d |
[    9.657570] cloud-init[703]: ci-info: | enp0s3 | True |  fe80::f6:70ff:fe42:125d/64 |       .       |  link  | 02:f6:70:42:12:5d |
[    9.659452] cloud-init[703]: ci-info: | enp0s8 | True |        192.168.33.10        | 255.255.255.0 | global | 08:00:27:c2:cf:07 |
[    9.661262] cloud-init[703]: ci-info: | enp0s8 | True | fe80::a00:27ff:fec2:cf07/64 |       .       |  link  | 08:00:27:c2:cf:07 |
[    9.663132] cloud-init[703]: ci-info: |   lo   | True |          127.0.0.1          |   255.0.0.0   |  host  |         .         |
[    9.665223] cloud-init[703]: ci-info: |   lo   | True |           ::1/128           |       .       |  host  |         .         |
[    9.667046] cloud-init[703]: ci-info: +--------+------+-----------------------------+---------------+--------+-------------------+
[    9.668719] cloud-init[703]: ci-info: +++++++++++++++++++++++++++++Route IPv4 info+++++++++++++++++++++++++++++
[    9.670341] cloud-init[703]: ci-info: +-------+--------------+----------+-----------------+-----------+-------+
[    9.671949] cloud-init[703]: ci-info: | Route | Destination  | Gateway  |     Genmask     | Interface | Flags |
[    9.673398] cloud-init[703]: ci-info: +-------+--------------+----------+-----------------+-----------+-------+
[    9.674610] cloud-init[703]: ci-info: |   0   |   0.0.0.0    | 10.0.2.2 |     0.0.0.0     |   enp0s3  |   UG  |
[    9.676210] cloud-init[703]: ci-info: |   1   |   10.0.2.0   | 0.0.0.0  |  255.255.255.0  |   enp0s3  |   U   |
[    9.677780] cloud-init[703]: ci-info: |   2   |   10.0.2.2   | 0.0.0.0  | 255.255.255.255 |   enp0s3  |   UH  |
[    9.678805] cloud-init[703]: ci-info: |   3   | 192.168.33.0 | 0.0.0.0  |  255.255.255.0  |   enp0s8  |   U   |
[    9.680044] cloud-init[703]: ci-info: +-------+--------------+----------+-----------------+-----------+-------+
[    9.681833] cloud-init[703]: ci-info: +++++++++++++++++++Route IPv6 info+++++++++++++++++++
[    9.683080] cloud-init[703]: ci-info: +-------+-------------+---------+-----------+-------+
[    9.684362] cloud-init[703]: ci-info: | Route | Destination | Gateway | Interface | Flags |
[    9.685456] cloud-init[703]: ci-info: +-------+-------------+---------+-----------+-------+
[    9.686714] cloud-init[703]: ci-info: |   1   |  fe80::/64  |    ::   |   enp0s8  |   U   |
[    9.687665] cloud-init[703]: ci-info: |   2   |  fe80::/64  |    ::   |   enp0s3  |   U   |
[    9.688737] cloud-init[703]: ci-info: |   4   |    local    |    ::   |   enp0s3  |   U   |
[    9.689638] cloud-init[703]: ci-info: |   5   |    local    |    ::   |   enp0s8  |   U   |
[    9.690647] cloud-init[703]: ci-info: |   6   |   ff00::/8  |    ::   |   enp0s8  |   U   |
[    9.692038] cloud-init[703]: ci-info: |   7   |   ff00::/8  |    ::   |   enp0s3  |   U   |
[    9.693476] cloud-init[703]: ci-info: +-------+-------------+---------+-----------+-------+
[[0;32m  OK  [0m] Started Initial cloud-init job (metadata service crawler).
[[0;32m  OK  [0m] Reached target Network is Online.
         Starting Availability of block devices...
[[0;32m  OK  [0m] Reached target Remote File Systems (Pre).
[[0;32m  OK  [0m] Reached target Remote File Systems.
[[0;32m  OK  [0m] Reached target Cloud-config availability.
[[0;32m  OK  [0m] Reached target System Initialization.
[[0;32m  OK  [0m] Started ACPI Events Check.
[[0;32m  OK  [0m] Started Daily apt download activities.
         Starting Socket activation for snappy daemon.
[[0;32m  OK  [0m] Reached target Paths.
[[0;32m  OK  [0m] Listening on D-Bus System Message Bus Socket.
[[0;32m  OK  [0m] Listening on ACPID Listen Socket.
[[0;32m  OK  [0m] Started Message of the Day.
[[0;32m  OK  [0m] Started Daily Cleanup of Temporary Directories.
         Starting LXD - unix socket.
[[0;32m  OK  [0m] Listening on UUID daemon activation socket.
[[0;32m  OK  [0m] Listening on Open-iSCSI iscsid Socket.
[[0;32m  OK  [0m] Started Daily apt upgrade and clean activities.
[[0;32m  OK  [0m] Started Discard unused blocks once a week.
[[0;32m  OK  [0m] Reached target Timers.
[[0;32m  OK  [0m] Started Availability of block devices.
[[0;32m  OK  [0m] Listening on Socket activation for snappy daemon.
[[0;32m  OK  [0m] Listening on LXD - unix socket.
[[0;32m  OK  [0m] Reached target Sockets.
[[0;32m  OK  [0m] Reached target Basic System.
         Starting Accounts Service...
         Starting Login Service...
         Starting OpenBSD Secure Shell server...
[[0;32m  OK  [0m] Started FUSE filesystem for LXC.
         Starting System Logging Service...
         Starting LSB: automatic crash report generation...
         Starting LXD - container startup/shutdown...
         Starting vboxadd.service...
[[0;32m  OK  [0m] Started Regular background program processing daemon.
         Starting LSB: Record successful boot for GRUB...
         Starting Snappy daemon...
[[0;32m  OK  [0m] Started Deferred execution scheduler.
         Starting Permit User Sessions...
[[0;32m  OK  [0m] Started irqbalance daemon.
         Starting Dispatcher daemon for systemd-networkd...
[[0;32m  OK  [0m] Started D-Bus System Message Bus.
[[0;32m  OK  [0m] Started System Logging Service.
[[0;32m  OK  [0m] Started Permit User Sessions.
[[0;32m  OK  [0m] Started Login Service.
[[0;32m  OK  [0m] Started Unattended Upgrades Shutdown.
         Starting Terminate Plymouth Boot Screen...
         Starting Hold until boot process finishes up...
[[0;32m  OK  [0m] Started Hold until boot process finishes up.
[[0;32m  OK  [0m] Started Serial Getty on ttyS0.
         Starting Set console scheme...
[[0;32m  OK  [0m] Started Terminate Plymouth Boot Screen.
[[0;32m  OK  [0m] Started OpenBSD Secure Shell server.
[[0;32m  OK  [0m] Started Set console scheme.
[[0;32m  OK  [0m] Created slice system-getty.slice.
[[0;32m  OK  [0m] Started Getty on tty1.
[[0;32m  OK  [0m] Reached target Login Prompts.
[[0;32m  OK  [0m] Started LXD - container startup/shutdown.
         Starting Authorization Manager...
[[0;32m  OK  [0m] Started Authorization Manager.
[[0;32m  OK  [0m] Started Accounts Service.
[[0;32m  OK  [0m] Started LSB: Record successful boot for GRUB.
[[0;32m  OK  [0m] Started LSB: automatic crash report generation.
[[0;32m  OK  [0m] Started Snappy daemon.
         Starting Wait until snapd is fully seeded...
[[0;32m  OK  [0m] Started Dispatcher daemon for systemd-networkd.
[[0;32m  OK  [0m] Started Wait until snapd is fully seeded.
         Starting Apply the settings specified in cloud-config...
[   11.524691] cloud-init[1083]: Cloud-init v. 19.1-1-gbaa47854-0ubuntu1~18.04.1 running 'modules:config' at Fri, 16 Aug 2019 07:31:53 +0000. Up 11.33 seconds.
[[0;32m  OK  [0m] Started Apply the settings specified in cloud-config.
[[0;32m  OK  [0m] Created slice User Slice of vagrant.
         Starting User Manager for UID 1000...
[[0;32m  OK  [0m] Started Session 1 of user vagrant.
[[0;32m  OK  [0m] Started User Manager for UID 1000.
[[0;32m  OK  [0m] Started vboxadd.service.
         Starting vboxadd-service.service...
[[0;32m  OK  [0m] Started vboxadd-service.service.
[[0;32m  OK  [0m] Reached target Multi-User System.
         Starting Execute cloud user/final scripts...
[[0;32m  OK  [0m] Reached target Graphical Interface.
         Starting Update UTMP about System Runlevel Changes...
[[0;32m  OK  [0m] Started Update UTMP about System Runlevel Changes.
[   12.523991] cloud-init[1267]: Cloud-init v. 19.1-1-gbaa47854-0ubuntu1~18.04.1 running 'modules:final' at Fri, 16 Aug 2019 07:31:54 +0000. Up 12.42 seconds.
[   12.527835] cloud-init[1267]: Cloud-init v. 19.1-1-gbaa47854-0ubuntu1~18.04.1 finished at Fri, 16 Aug 2019 07:31:54 +0000. Datasource DataSourceNoCloud [seed=/dev/sdb][dsmode=net].  Up 12.51 seconds
[[0;32m  OK  [0m] Started Execute cloud user/final scripts.
[[0;32m  OK  [0m] Reached target Cloud-init target.

Ubuntu 18.04.3 LTS ubuntu-bionic ttyS0

ubuntu-bionic login:          Stopping Authorization Manager...
[[0;32m  OK  [0m] Stopped target Host and Network Name Lookups.
         Stopping User Manager for UID 1000...
[[0;32m  OK  [0m] Stopped target Cloud-init target.
[[0;32m  OK  [0m] Stopped Execute cloud user/final scripts.
[[0;32m  OK  [0m] Stopped Apply the settings specified in cloud-config.
[[0;32m  OK  [0m] Stopped target Cloud-config availability.
[[0;32m  OK  [0m] Stopped target Network is Online.
[[0;32m  OK  [0m] Closed Load/Save RF Kill Switch Status /dev/rfkill Watch.
[[0;32m  OK  [0m] Stopped target Timers.
[[0;32m  OK  [0m] Stopped Message of the Day.
[[0;32m  OK  [0m] Stopped Daily apt upgrade and clean activities.
[[0;32m  OK  [0m] Stopped Daily Cleanup of Temporary Directories.
[[0;32m  OK  [0m] Stopped Discard unused blocks once a week.
[[0;32m  OK  [0m] Stopped Daily apt download activities.
[[0;32m  OK  [0m] Stopped target System Time Synchronized.
         Stopping Availability of block devices...
         Stopping Session 5 of user vagrant.
[[0;32m  OK  [0m] Stopped target Graphical Interface.
         Stopping Accounts Service...
[[0;32m  OK  [0m] Stopped target Multi-User System.
[[0;32m  OK  [0m] Stopped Wait until snapd is fully seeded.
         Stopping FUSE filesystem for LXC...
         Stopping irqbalance daemon...
         Stopping Unattended Upgrades Shutdown...
         Stopping OpenBSD Secure Shell server...
[[0;32m  OK  [0m] Stopped target Login Prompts.
         Stopping Getty on tty1...
         Stopping Serial Getty on ttyS0...
         Stopping vboxadd-service.service...
         Stopping LXD - container startup/shutdown...
         Stopping LSB: Record successful boot for GRUB...
         Stopping Regular background program processing daemon...
         Stopping Deferred execution scheduler...
         Stopping D-Bus System Message Bus...
         Stopping System Logging Service...
         Stopping Dispatcher daemon for systemd-networkd...
         Stopping LSB: automatic crash report generation...
[[0;32m  OK  [0m] Unmounted /var/lib/lxcfs.
[[0;32m  OK  [0m] Stopped Accounts Service.
[[0;32m  OK  [0m] Stopped System Logging Service.
[[0;32m  OK  [0m] Stopped Regular background program processing daemon.
[[0;32m  OK  [0m] Stopped Deferred execution scheduler.
[[0;32m  OK  [0m] Stopped irqbalance daemon.
[[0;32m  OK  [0m] Stopped Dispatcher daemon for systemd-networkd.
[[0;32m  OK  [0m] Stopped OpenBSD Secure Shell server.
[[0;32m  OK  [0m] Stopped Serial Getty on ttyS0.
[[0;32m  OK  [0m] Stopped Getty on tty1.
[[0;32m  OK  [0m] Stopped Authorization Manager.
[[0;32m  OK  [0m] Stopped User Manager for UID 1000.
[[0;32m  OK  [0m] Stopped D-Bus System Message Bus.
[[0;32m  OK  [0m] Stopped FUSE filesystem for LXC.
[[0;32m  OK  [0m] Stopped Session 5 of user vagrant.
[[0;32m  OK  [0m] Stopped LXD - container startup/shutdown.
[[0;32m  OK  [0m] Stopped Unattended Upgrades Shutdown.
[[0;32m  OK  [0m] Stopped Availability of block devices.
[[0;32m  OK  [0m] Stopped LSB: Record successful boot for GRUB.
[[0;32m  OK  [0m] Removed slice User Slice of vagrant.
         Stopping Login Service...
[[0;32m  OK  [0m] Removed slice system-getty.slice.
         Stopping Permit User Sessions...
[[0;32m  OK  [0m] Removed slice system-serial\x2dgetty.slice.
[[0;32m  OK  [0m] Stopped Permit User Sessions.
[[0;32m  OK  [0m] Stopped target Network.
         Stopping Network Name Resolution...
[[0;32m  OK  [0m] Stopped vboxadd-service.service.
         Stopping vboxadd.service...
[[0;32m  OK  [0m] Stopped LSB: automatic crash report generation.
[[0;32m  OK  [0m] Stopped Network Name Resolution.
         Stopping Network Service...
[[0;32m  OK  [0m] Stopped target Remote File Systems.
[[0;32m  OK  [0m] Stopped target Remote File Systems (Pre).
[[0;32m  OK  [0m] Stopped Login Service.
[[0;32m  OK  [0m] Stopped Network Service.
[[0;32m  OK  [0m] Stopped target Network (Pre).
[[0;32m  OK  [0m] Stopped target User and Group Name Lookups.
[[0;32m  OK  [0m] Unmounted /vagrant.
[[0;32m  OK  [0m] Stopped vboxadd.service.
[[0;32m  OK  [0m] Stopped target Basic System.
[[0;32m  OK  [0m] Stopped target Sockets.
[[0;32m  OK  [0m] Closed UUID daemon activation socket.
[[0;32m  OK  [0m] Closed Syslog Socket.
[[0;32m  OK  [0m] Closed ACPID Listen Socket.
[[0;32m  OK  [0m] Closed Socket activation for snappy daemon.
[[0;32m  OK  [0m] Closed Open-iSCSI iscsid Socket.
[[0;32m  OK  [0m] Closed D-Bus System Message Bus Socket.
[[0;32m  OK  [0m] Closed LXD - unix socket.
[[0;32m  OK  [0m] Stopped target Paths.
[[0;32m  OK  [0m] Stopped ACPI Events Check.
[[0;32m  OK  [0m] Stopped target System Initialization.
[[0;32m  OK  [0m] Stopped Apply Kernel Variables.
[[0;32m  OK  [0m] Stopped target Local Encrypted Volumes.
[[0;32m  OK  [0m] Stopped Forward Password Requests to Wall Directory Watch.
         Stopping Load/Save Random Seed...
         Stopping Update UTMP about System Boot/Shutdown...
[[0;32m  OK  [0m] Stopped Initial cloud-init job (metadata service crawler).
[[0;32m  OK  [0m] Stopped Initial cloud-init job (pre-networking).
[[0;32m  OK  [0m] Stopped Load Kernel Modules.
[[0;32m  OK  [0m] Stopped Dispatch Password Requests to Console Directory Watch.
[[0;32m  OK  [0m] Stopped target Slices.
[[0;32m  OK  [0m] Removed slice User and Session Slice.
[[0;32m  OK  [0m] Stopped Load/Save Random Seed.
[[0;32m  OK  [0m] Stopped Update UTMP about System Boot/Shutdown.
[[0;32m  OK  [0m] Stopped Create Volatile Files and Directories.
[[0;32m  OK  [0m] Stopped target Local File Systems.
         Unmounting /run/user/1000...
[[0;32m  OK  [0m] Unmounted /run/user/1000.
[[0;32m  OK  [0m] Reached target Unmount All Filesystems.
[[0;32m  OK  [0m] Stopped target Local File Systems (Pre).
[[0;32m  OK  [0m] Stopped Remount Root and Kernel File Systems.
         Stopping Monitoring of LVM2 mirrors…ng dmeventd or progress polling...
[[0;32m  OK  [0m] Stopped Create Static Device Nodes in /dev.
[[0;32m  OK  [0m] Stopped target Swap.
[[0;32m  OK  [0m] Reached target Shutdown.
[[0;32m  OK  [0m] Reached target Final Step.
         Starting Power-Off...
[  348.734532] reboot: Power down
